<?xml version="1.0" encoding="UTF-8"?>
<testng-results ignored="0" total="1" passed="1" failed="0" skipped="0">
  <reporter-output>
  </reporter-output>
  <suite started-at="2025-01-01T23:05:19 IST" name="Suite" finished-at="2025-01-01T23:05:51 IST" duration-ms="31557">
    <groups>
      <group name="regression">
        <method signature="TC_002_LoginAccountTest.LoginTest1()[pri:0, instance:testCases.TC_002_LoginAccountTest@6025e1b6]" name="LoginTest1" class="testCases.TC_002_LoginAccountTest"/>
      </group> <!-- regression -->
      <group name="master">
        <method signature="TC_002_LoginAccountTest.LoginTest1()[pri:0, instance:testCases.TC_002_LoginAccountTest@6025e1b6]" name="LoginTest1" class="testCases.TC_002_LoginAccountTest"/>
      </group> <!-- master -->
    </groups>
    <test started-at="2025-01-01T23:05:19 IST" name="master.xml" finished-at="2025-01-01T23:05:51 IST" duration-ms="31557">
      <class name="testCases.TC_002_LoginAccountTest">
        <test-method is-config="true" signature="setUp(java.lang.String,java.lang.String)[pri:0, instance:testCases.TC_002_LoginAccountTest@6025e1b6]" started-at="2025-01-01T23:05:19 IST" name="setUp" finished-at="2025-01-01T23:05:42 IST" duration-ms="22578" status="PASS">
          <params>
            <param index="0">
              <value>
                <![CDATA[Windows]]>
              </value>
            </param>
            <param index="1">
              <value>
                <![CDATA[chrome]]>
              </value>
            </param>
          </params>
          <reporter-output>
          </reporter-output>
        </test-method> <!-- setUp -->
        <test-method signature="LoginTest1()[pri:0, instance:testCases.TC_002_LoginAccountTest@6025e1b6]" started-at="2025-01-01T23:05:42 IST" name="LoginTest1" finished-at="2025-01-01T23:05:50 IST" duration-ms="7934" status="PASS">
          <reporter-output>
          </reporter-output>
        </test-method> <!-- LoginTest1 -->
        <test-method is-config="true" signature="tearDown()[pri:0, instance:testCases.TC_002_LoginAccountTest@6025e1b6]" started-at="2025-01-01T23:05:50 IST" name="tearDown" finished-at="2025-01-01T23:05:51 IST" duration-ms="932" status="PASS">
          <reporter-output>
          </reporter-output>
        </test-method> <!-- tearDown -->
      </class> <!-- testCases.TC_002_LoginAccountTest -->
    </test> <!-- master.xml -->
  </suite> <!-- Suite -->
</testng-results>
